<?xml version="1.0" encoding="UTF-8"?>
<testsuite name="com.cho.book.springboot.web.PostsApiControllerTest" tests="2" skipped="0" failures="0" errors="0" timestamp="2021-05-22T07:14:50" hostname="HOMIL2" time="0.071">
  <properties/>
  <testcase name="Posts_등록된다" classname="com.cho.book.springboot.web.PostsApiControllerTest" time="0.052"/>
  <testcase name="Posts_수정된다" classname="com.cho.book.springboot.web.PostsApiControllerTest" time="0.018"/>
  <system-out><![CDATA[2021-05-22 16:14:50.394  INFO 20560 --- [    Test worker] .b.t.c.SpringBootTestContextBootstrapper : Neither @ContextConfiguration nor @ContextHierarchy found for test class [com.cho.book.springboot.web.PostsApiControllerTest], using SpringBootContextLoader
2021-05-22 16:14:50.395  INFO 20560 --- [    Test worker] o.s.t.c.support.AbstractContextLoader    : Could not detect default resource locations for test class [com.cho.book.springboot.web.PostsApiControllerTest]: no resource found for suffixes {-context.xml, Context.groovy}.
2021-05-22 16:14:50.395  INFO 20560 --- [    Test worker] t.c.s.AnnotationConfigContextLoaderUtils : Could not detect default configuration classes for test class [com.cho.book.springboot.web.PostsApiControllerTest]: PostsApiControllerTest does not declare any static, non-private, non-final, nested classes annotated with @Configuration.
2021-05-22 16:14:50.396  INFO 20560 --- [    Test worker] .b.t.c.SpringBootTestContextBootstrapper : Found @SpringBootConfiguration com.cho.book.springboot.Application for test class com.cho.book.springboot.web.PostsApiControllerTest
2021-05-22 16:14:50.397  INFO 20560 --- [    Test worker] .b.t.c.SpringBootTestContextBootstrapper : Loaded default TestExecutionListener class names from location [META-INF/spring.factories]: [org.springframework.security.test.context.support.WithSecurityContextTestExecutionListener, org.springframework.security.test.context.support.ReactorContextTestExecutionListener, org.springframework.boot.test.autoconfigure.restdocs.RestDocsTestExecutionListener, org.springframework.boot.test.autoconfigure.web.client.MockRestServiceServerResetTestExecutionListener, org.springframework.boot.test.autoconfigure.web.servlet.MockMvcPrintOnlyOnFailureTestExecutionListener, org.springframework.boot.test.autoconfigure.web.servlet.WebDriverTestExecutionListener, org.springframework.boot.test.mock.mockito.MockitoTestExecutionListener, org.springframework.boot.test.mock.mockito.ResetMocksTestExecutionListener, org.springframework.test.context.web.ServletTestExecutionListener, org.springframework.test.context.support.DirtiesContextBeforeModesTestExecutionListener, org.springframework.test.context.support.DependencyInjectionTestExecutionListener, org.springframework.test.context.support.DirtiesContextTestExecutionListener, org.springframework.test.context.transaction.TransactionalTestExecutionListener, org.springframework.test.context.jdbc.SqlScriptsTestExecutionListener]
2021-05-22 16:14:50.398  INFO 20560 --- [    Test worker] .b.t.c.SpringBootTestContextBootstrapper : Using TestExecutionListeners: [org.springframework.test.context.web.ServletTestExecutionListener@6db4dafa, org.springframework.test.context.support.DirtiesContextBeforeModesTestExecutionListener@31059df0, org.springframework.boot.test.mock.mockito.MockitoTestExecutionListener@79bf9ff7, org.springframework.boot.test.autoconfigure.SpringBootDependencyInjectionTestExecutionListener@41feec7a, org.springframework.test.context.support.DirtiesContextTestExecutionListener@ad69db5, org.springframework.test.context.transaction.TransactionalTestExecutionListener@17a17b02, org.springframework.test.context.jdbc.SqlScriptsTestExecutionListener@12e41e26, org.springframework.security.test.context.support.WithSecurityContextTestExecutionListener@244fbd3c, org.springframework.security.test.context.support.ReactorContextTestExecutionListener@1a4ab735, org.springframework.boot.test.autoconfigure.restdocs.RestDocsTestExecutionListener@62fa615, org.springframework.boot.test.autoconfigure.web.client.MockRestServiceServerResetTestExecutionListener@34089dd8, org.springframework.boot.test.autoconfigure.web.servlet.MockMvcPrintOnlyOnFailureTestExecutionListener@6df76038, org.springframework.boot.test.autoconfigure.web.servlet.WebDriverTestExecutionListener@224b81ac, org.springframework.boot.test.mock.mockito.ResetMocksTestExecutionListener@592f94fe]
2021-05-22 16:14:50.402  INFO 20560 --- [    Test worker] o.a.c.c.C.[Tomcat].[localhost].[/]       : Initializing Spring TestDispatcherServlet ''
2021-05-22 16:14:50.402  INFO 20560 --- [    Test worker] o.s.t.web.servlet.TestDispatcherServlet  : Initializing Servlet ''
2021-05-22 16:14:50.404  INFO 20560 --- [    Test worker] o.s.t.web.servlet.TestDispatcherServlet  : Completed initialization in 2 ms
Hibernate: insert into posts (created_date, modified_date, author, content, title) values (?, ?, ?, ?, ?)
Hibernate: select posts0_.id as id1_0_, posts0_.created_date as created_2_0_, posts0_.modified_date as modified3_0_, posts0_.author as author4_0_, posts0_.content as content5_0_, posts0_.title as title6_0_ from posts posts0_
Hibernate: select posts0_.id as id1_0_, posts0_.created_date as created_2_0_, posts0_.modified_date as modified3_0_, posts0_.author as author4_0_, posts0_.content as content5_0_, posts0_.title as title6_0_ from posts posts0_
Hibernate: delete from posts where id=?
2021-05-22 16:14:50.454  INFO 20560 --- [    Test worker] o.a.c.c.C.[Tomcat].[localhost].[/]       : Initializing Spring TestDispatcherServlet ''
2021-05-22 16:14:50.454  INFO 20560 --- [    Test worker] o.s.t.web.servlet.TestDispatcherServlet  : Initializing Servlet ''
2021-05-22 16:14:50.455  INFO 20560 --- [    Test worker] o.s.t.web.servlet.TestDispatcherServlet  : Completed initialization in 1 ms
Hibernate: insert into posts (created_date, modified_date, author, content, title) values (?, ?, ?, ?, ?)
Hibernate: select posts0_.id as id1_0_0_, posts0_.created_date as created_2_0_0_, posts0_.modified_date as modified3_0_0_, posts0_.author as author4_0_0_, posts0_.content as content5_0_0_, posts0_.title as title6_0_0_ from posts posts0_ where posts0_.id=?
Hibernate: update posts set created_date=?, modified_date=?, author=?, content=?, title=? where id=?
Hibernate: select posts0_.id as id1_0_, posts0_.created_date as created_2_0_, posts0_.modified_date as modified3_0_, posts0_.author as author4_0_, posts0_.content as content5_0_, posts0_.title as title6_0_ from posts posts0_
Hibernate: select posts0_.id as id1_0_, posts0_.created_date as created_2_0_, posts0_.modified_date as modified3_0_, posts0_.author as author4_0_, posts0_.content as content5_0_, posts0_.title as title6_0_ from posts posts0_
Hibernate: delete from posts where id=?
]]></system-out>
  <system-err><![CDATA[]]></system-err>
</testsuite>
