<?xml version="1.0" encoding="UTF-8"?>
<testsuite name="com.cho.book.springboot.web.dto.HelloResponseDtoTest" tests="1" skipped="0" failures="0" errors="0" timestamp="2021-05-22T07:14:48" hostname="HOMIL2" time="0.002">
  <properties/>
  <testcase name="룸복_기능_테스트" classname="com.cho.book.springboot.web.dto.HelloResponseDtoTest" time="0.002"/>
  <system-out><![CDATA[]]></system-out>
  <system-err><![CDATA[]]></system-err>
</testsuite>
